The system is: Linux - 5.3.0-46-generic - x86_64
Compiling the C compiler identification source file "CMakeCCompilerId.c" succeeded.
Compiler: /home/user/document/linux/ndk/toolchains/llvm/prebuilt/linux-x86_64/bin/aarch64-linux-android-gcc 
Build flags: -fPIE;-fPIC
Id flags:  

The output was:
0


Compilation of the C compiler identification source "CMakeCCompilerId.c" produced "a.out"

The C compiler identification is Clang, found in "/home/user/AndroidStudioProjects/AndroidApp/MyCNativeByKotlin/app/src/main/cpp/CMakeFiles/3.10.2/CompilerIdC/a.out"

Compiling the CXX compiler identification source file "CMakeCXXCompilerId.cpp" succeeded.
Compiler: /home/user/document/linux/ndk/toolchains/llvm/prebuilt/linux-x86_64/bin/aarch64-linux-android-g++ 
Build flags: 
Id flags:  

The output was:
0


Compilation of the CXX compiler identification source "CMakeCXXCompilerId.cpp" produced "a.out"

The CXX compiler identification is Clang, found in "/home/user/AndroidStudioProjects/AndroidApp/MyCNativeByKotlin/app/src/main/cpp/CMakeFiles/3.10.2/CompilerIdCXX/a.out"

Determining if the C compiler works passed with the following output:
Change Dir: /home/user/AndroidStudioProjects/AndroidApp/MyCNativeByKotlin/app/src/main/cpp/CMakeFiles/CMakeTmp

Run Build Command:"/usr/bin/make" "cmTC_6ef86/fast"
/usr/bin/make -f CMakeFiles/cmTC_6ef86.dir/build.make CMakeFiles/cmTC_6ef86.dir/build
make[1]: ディレクトリ '/home/user/AndroidStudioProjects/AndroidApp/MyCNativeByKotlin/app/src/main/cpp/CMakeFiles/CMakeTmp' に入ります
Building C object CMakeFiles/cmTC_6ef86.dir/testCCompiler.c.o
/home/user/document/linux/ndk/toolchains/llvm/prebuilt/linux-x86_64/bin/aarch64-linux-android-gcc   -fPIE -fPIC    -o CMakeFiles/cmTC_6ef86.dir/testCCompiler.c.o   -c /home/user/AndroidStudioProjects/AndroidApp/MyCNativeByKotlin/app/src/main/cpp/CMakeFiles/CMakeTmp/testCCompiler.c
Linking C executable cmTC_6ef86
/usr/bin/cmake -E cmake_link_script CMakeFiles/cmTC_6ef86.dir/link.txt --verbose=1
/home/user/document/linux/ndk/toolchains/llvm/prebuilt/linux-x86_64/bin/aarch64-linux-android-gcc -fPIE -fPIC   -pie  -rdynamic CMakeFiles/cmTC_6ef86.dir/testCCompiler.c.o  -o cmTC_6ef86 
make[1]: ディレクトリ '/home/user/AndroidStudioProjects/AndroidApp/MyCNativeByKotlin/app/src/main/cpp/CMakeFiles/CMakeTmp' から出ます


Detecting C compiler ABI info compiled with the following output:
Change Dir: /home/user/AndroidStudioProjects/AndroidApp/MyCNativeByKotlin/app/src/main/cpp/CMakeFiles/CMakeTmp

Run Build Command:"/usr/bin/make" "cmTC_5effd/fast"
/usr/bin/make -f CMakeFiles/cmTC_5effd.dir/build.make CMakeFiles/cmTC_5effd.dir/build
make[1]: ディレクトリ '/home/user/AndroidStudioProjects/AndroidApp/MyCNativeByKotlin/app/src/main/cpp/CMakeFiles/CMakeTmp' に入ります
Building C object CMakeFiles/cmTC_5effd.dir/CMakeCCompilerABI.c.o
/home/user/document/linux/ndk/toolchains/llvm/prebuilt/linux-x86_64/bin/aarch64-linux-android-gcc   -fPIE -fPIC    -o CMakeFiles/cmTC_5effd.dir/CMakeCCompilerABI.c.o   -c /usr/share/cmake-3.10/Modules/CMakeCCompilerABI.c
Linking C executable cmTC_5effd
/usr/bin/cmake -E cmake_link_script CMakeFiles/cmTC_5effd.dir/link.txt --verbose=1
/home/user/document/linux/ndk/toolchains/llvm/prebuilt/linux-x86_64/bin/aarch64-linux-android-gcc -fPIE -fPIC   -pie -v -rdynamic CMakeFiles/cmTC_5effd.dir/CMakeCCompilerABI.c.o  -o cmTC_5effd 
Android (5900059 based on r365631c) clang version 9.0.8 (https://android.googlesource.com/toolchain/llvm-project 207d7abc1a2abf3ef8d4301736d6a7ebc224a290) (based on LLVM 9.0.8svn)
Target: aarch64-unknown-linux-android29
Thread model: posix
InstalledDir: /home/user/document/linux/ndk/toolchains/llvm/prebuilt/linux-x86_64/bin
Found candidate GCC installation: /home/user/document/linux/ndk/toolchains/llvm/prebuilt/linux-x86_64/bin/../lib/gcc/aarch64-linux-android/4.9.x
Selected GCC installation: /home/user/document/linux/ndk/toolchains/llvm/prebuilt/linux-x86_64/bin/../lib/gcc/aarch64-linux-android/4.9.x
Candidate multilib: .;@m64
Selected multilib: .;@m64
 "/home/user/document/linux/ndk/toolchains/llvm/prebuilt/linux-x86_64/bin/../lib/gcc/aarch64-linux-android/4.9.x/../../../../aarch64-linux-android/bin/ld" -pie -z noexecstack -export-dynamic -EL --fix-cortex-a53-843419 --warn-shared-textrel -z now -z relro -z max-page-size=4096 --hash-style=gnu --enable-new-dtags --eh-frame-hdr -m aarch64linux -export-dynamic -dynamic-linker /system/bin/linker64 -o cmTC_5effd /home/user/document/linux/ndk/toolchains/llvm/prebuilt/linux-x86_64/bin/../sysroot/usr/lib/aarch64-linux-android/29/crtbegin_dynamic.o -L/home/user/document/linux/ndk/toolchains/llvm/prebuilt/linux-x86_64/lib64/clang/9.0.8/lib/linux/aarch64 -L/home/user/document/linux/ndk/toolchains/llvm/prebuilt/linux-x86_64/bin/../lib/gcc/aarch64-linux-android/4.9.x -L/home/user/document/linux/ndk/toolchains/llvm/prebuilt/linux-x86_64/bin/../lib/gcc/aarch64-linux-android/4.9.x/../../../../aarch64-linux-android/lib/../lib64 -L/home/user/document/linux/ndk/toolchains/llvm/prebuilt/linux-x86_64/bin/../sysroot/usr/lib/aarch64-linux-android/29 -L/home/user/document/linux/ndk/toolchains/llvm/prebuilt/linux-x86_64/bin/../sysroot/usr/lib/aarch64-linux-android -L/home/user/document/linux/ndk/toolchains/llvm/prebuilt/linux-x86_64/bin/../lib/gcc/aarch64-linux-android/4.9.x/../../../../aarch64-linux-android/lib -L/home/user/document/linux/ndk/toolchains/llvm/prebuilt/linux-x86_64/bin/../sysroot/usr/lib CMakeFiles/cmTC_5effd.dir/CMakeCCompilerABI.c.o -lgcc -ldl -lc -lgcc -ldl /home/user/document/linux/ndk/toolchains/llvm/prebuilt/linux-x86_64/bin/../sysroot/usr/lib/aarch64-linux-android/29/crtend_android.o
make[1]: ディレクトリ '/home/user/AndroidStudioProjects/AndroidApp/MyCNativeByKotlin/app/src/main/cpp/CMakeFiles/CMakeTmp' から出ます


Parsed C implicit link information from above output:
  link line regex: [^( *|.*[/\])(ld|CMAKE_LINK_STARTFILE-NOTFOUND|([^/\]+-)?ld|collect2)[^/\]*( |$)]
  ignore line: [Change Dir: /home/user/AndroidStudioProjects/AndroidApp/MyCNativeByKotlin/app/src/main/cpp/CMakeFiles/CMakeTmp]
  ignore line: []
  ignore line: [Run Build Command:"/usr/bin/make" "cmTC_5effd/fast"]
  ignore line: [/usr/bin/make -f CMakeFiles/cmTC_5effd.dir/build.make CMakeFiles/cmTC_5effd.dir/build]
  ignore line: [make[1]: ディレクトリ '/home/user/AndroidStudioProjects/AndroidApp/MyCNativeByKotlin/app/src/main/cpp/CMakeFiles/CMakeTmp' に入ります]
  ignore line: [Building C object CMakeFiles/cmTC_5effd.dir/CMakeCCompilerABI.c.o]
  ignore line: [/home/user/document/linux/ndk/toolchains/llvm/prebuilt/linux-x86_64/bin/aarch64-linux-android-gcc   -fPIE -fPIC    -o CMakeFiles/cmTC_5effd.dir/CMakeCCompilerABI.c.o   -c /usr/share/cmake-3.10/Modules/CMakeCCompilerABI.c]
  ignore line: [Linking C executable cmTC_5effd]
  ignore line: [/usr/bin/cmake -E cmake_link_script CMakeFiles/cmTC_5effd.dir/link.txt --verbose=1]
  ignore line: [/home/user/document/linux/ndk/toolchains/llvm/prebuilt/linux-x86_64/bin/aarch64-linux-android-gcc -fPIE -fPIC   -pie -v -rdynamic CMakeFiles/cmTC_5effd.dir/CMakeCCompilerABI.c.o  -o cmTC_5effd ]
  ignore line: [Android (5900059 based on r365631c) clang version 9.0.8 (https://android.googlesource.com/toolchain/llvm-project 207d7abc1a2abf3ef8d4301736d6a7ebc224a290) (based on LLVM 9.0.8svn)]
  ignore line: [Target: aarch64-unknown-linux-android29]
  ignore line: [Thread model: posix]
  ignore line: [InstalledDir: /home/user/document/linux/ndk/toolchains/llvm/prebuilt/linux-x86_64/bin]
  ignore line: [Found candidate GCC installation: /home/user/document/linux/ndk/toolchains/llvm/prebuilt/linux-x86_64/bin/../lib/gcc/aarch64-linux-android/4.9.x]
  ignore line: [Selected GCC installation: /home/user/document/linux/ndk/toolchains/llvm/prebuilt/linux-x86_64/bin/../lib/gcc/aarch64-linux-android/4.9.x]
  ignore line: [Candidate multilib: .]
  ignore line: [@m64]
  ignore line: [Selected multilib: .]
  ignore line: [@m64]
  link line: [ "/home/user/document/linux/ndk/toolchains/llvm/prebuilt/linux-x86_64/bin/../lib/gcc/aarch64-linux-android/4.9.x/../../../../aarch64-linux-android/bin/ld" -pie -z noexecstack -export-dynamic -EL --fix-cortex-a53-843419 --warn-shared-textrel -z now -z relro -z max-page-size=4096 --hash-style=gnu --enable-new-dtags --eh-frame-hdr -m aarch64linux -export-dynamic -dynamic-linker /system/bin/linker64 -o cmTC_5effd /home/user/document/linux/ndk/toolchains/llvm/prebuilt/linux-x86_64/bin/../sysroot/usr/lib/aarch64-linux-android/29/crtbegin_dynamic.o -L/home/user/document/linux/ndk/toolchains/llvm/prebuilt/linux-x86_64/lib64/clang/9.0.8/lib/linux/aarch64 -L/home/user/document/linux/ndk/toolchains/llvm/prebuilt/linux-x86_64/bin/../lib/gcc/aarch64-linux-android/4.9.x -L/home/user/document/linux/ndk/toolchains/llvm/prebuilt/linux-x86_64/bin/../lib/gcc/aarch64-linux-android/4.9.x/../../../../aarch64-linux-android/lib/../lib64 -L/home/user/document/linux/ndk/toolchains/llvm/prebuilt/linux-x86_64/bin/../sysroot/usr/lib/aarch64-linux-android/29 -L/home/user/document/linux/ndk/toolchains/llvm/prebuilt/linux-x86_64/bin/../sysroot/usr/lib/aarch64-linux-android -L/home/user/document/linux/ndk/toolchains/llvm/prebuilt/linux-x86_64/bin/../lib/gcc/aarch64-linux-android/4.9.x/../../../../aarch64-linux-android/lib -L/home/user/document/linux/ndk/toolchains/llvm/prebuilt/linux-x86_64/bin/../sysroot/usr/lib CMakeFiles/cmTC_5effd.dir/CMakeCCompilerABI.c.o -lgcc -ldl -lc -lgcc -ldl /home/user/document/linux/ndk/toolchains/llvm/prebuilt/linux-x86_64/bin/../sysroot/usr/lib/aarch64-linux-android/29/crtend_android.o]
    arg [/home/user/document/linux/ndk/toolchains/llvm/prebuilt/linux-x86_64/bin/../lib/gcc/aarch64-linux-android/4.9.x/../../../../aarch64-linux-android/bin/ld] ==> ignore
    arg [-pie] ==> ignore
    arg [-znoexecstack] ==> ignore
    arg [-export-dynamic] ==> ignore
    arg [-EL] ==> ignore
    arg [--fix-cortex-a53-843419] ==> ignore
    arg [--warn-shared-textrel] ==> ignore
    arg [-znow] ==> ignore
    arg [-zrelro] ==> ignore
    arg [-zmax-page-size=4096] ==> ignore
    arg [--hash-style=gnu] ==> ignore
    arg [--enable-new-dtags] ==> ignore
    arg [--eh-frame-hdr] ==> ignore
    arg [-m] ==> ignore
    arg [aarch64linux] ==> ignore
    arg [-export-dynamic] ==> ignore
    arg [-dynamic-linker] ==> ignore
    arg [/system/bin/linker64] ==> ignore
    arg [-o] ==> ignore
    arg [cmTC_5effd] ==> ignore
    arg [/home/user/document/linux/ndk/toolchains/llvm/prebuilt/linux-x86_64/bin/../sysroot/usr/lib/aarch64-linux-android/29/crtbegin_dynamic.o] ==> ignore
    arg [-L/home/user/document/linux/ndk/toolchains/llvm/prebuilt/linux-x86_64/lib64/clang/9.0.8/lib/linux/aarch64] ==> dir [/home/user/document/linux/ndk/toolchains/llvm/prebuilt/linux-x86_64/lib64/clang/9.0.8/lib/linux/aarch64]
    arg [-L/home/user/document/linux/ndk/toolchains/llvm/prebuilt/linux-x86_64/bin/../lib/gcc/aarch64-linux-android/4.9.x] ==> dir [/home/user/document/linux/ndk/toolchains/llvm/prebuilt/linux-x86_64/bin/../lib/gcc/aarch64-linux-android/4.9.x]
    arg [-L/home/user/document/linux/ndk/toolchains/llvm/prebuilt/linux-x86_64/bin/../lib/gcc/aarch64-linux-android/4.9.x/../../../../aarch64-linux-android/lib/../lib64] ==> dir [/home/user/document/linux/ndk/toolchains/llvm/prebuilt/linux-x86_64/bin/../lib/gcc/aarch64-linux-android/4.9.x/../../../../aarch64-linux-android/lib/../lib64]
    arg [-L/home/user/document/linux/ndk/toolchains/llvm/prebuilt/linux-x86_64/bin/../sysroot/usr/lib/aarch64-linux-android/29] ==> dir [/home/user/document/linux/ndk/toolchains/llvm/prebuilt/linux-x86_64/bin/../sysroot/usr/lib/aarch64-linux-android/29]
    arg [-L/home/user/document/linux/ndk/toolchains/llvm/prebuilt/linux-x86_64/bin/../sysroot/usr/lib/aarch64-linux-android] ==> dir [/home/user/document/linux/ndk/toolchains/llvm/prebuilt/linux-x86_64/bin/../sysroot/usr/lib/aarch64-linux-android]
    arg [-L/home/user/document/linux/ndk/toolchains/llvm/prebuilt/linux-x86_64/bin/../lib/gcc/aarch64-linux-android/4.9.x/../../../../aarch64-linux-android/lib] ==> dir [/home/user/document/linux/ndk/toolchains/llvm/prebuilt/linux-x86_64/bin/../lib/gcc/aarch64-linux-android/4.9.x/../../../../aarch64-linux-android/lib]
    arg [-L/home/user/document/linux/ndk/toolchains/llvm/prebuilt/linux-x86_64/bin/../sysroot/usr/lib] ==> dir [/home/user/document/linux/ndk/toolchains/llvm/prebuilt/linux-x86_64/bin/../sysroot/usr/lib]
    arg [CMakeFiles/cmTC_5effd.dir/CMakeCCompilerABI.c.o] ==> ignore
    arg [-lgcc] ==> lib [gcc]
    arg [-ldl] ==> lib [dl]
    arg [-lc] ==> lib [c]
    arg [-lgcc] ==> lib [gcc]
    arg [-ldl] ==> lib [dl]
    arg [/home/user/document/linux/ndk/toolchains/llvm/prebuilt/linux-x86_64/bin/../sysroot/usr/lib/aarch64-linux-android/29/crtend_android.o] ==> ignore
  collapse library dir [/home/user/document/linux/ndk/toolchains/llvm/prebuilt/linux-x86_64/lib64/clang/9.0.8/lib/linux/aarch64] ==> [/home/user/document/linux/ndk/toolchains/llvm/prebuilt/linux-x86_64/lib64/clang/9.0.8/lib/linux/aarch64]
  collapse library dir [/home/user/document/linux/ndk/toolchains/llvm/prebuilt/linux-x86_64/bin/../lib/gcc/aarch64-linux-android/4.9.x] ==> [/home/user/document/linux/ndk/toolchains/llvm/prebuilt/linux-x86_64/lib/gcc/aarch64-linux-android/4.9.x]
  collapse library dir [/home/user/document/linux/ndk/toolchains/llvm/prebuilt/linux-x86_64/bin/../lib/gcc/aarch64-linux-android/4.9.x/../../../../aarch64-linux-android/lib/../lib64] ==> [/home/user/document/linux/ndk/toolchains/llvm/prebuilt/linux-x86_64/aarch64-linux-android/lib64]
  collapse library dir [/home/user/document/linux/ndk/toolchains/llvm/prebuilt/linux-x86_64/bin/../sysroot/usr/lib/aarch64-linux-android/29] ==> [/home/user/document/linux/ndk/toolchains/llvm/prebuilt/linux-x86_64/sysroot/usr/lib/aarch64-linux-android/29]
  collapse library dir [/home/user/document/linux/ndk/toolchains/llvm/prebuilt/linux-x86_64/bin/../sysroot/usr/lib/aarch64-linux-android] ==> [/home/user/document/linux/ndk/toolchains/llvm/prebuilt/linux-x86_64/sysroot/usr/lib/aarch64-linux-android]
  collapse library dir [/home/user/document/linux/ndk/toolchains/llvm/prebuilt/linux-x86_64/bin/../lib/gcc/aarch64-linux-android/4.9.x/../../../../aarch64-linux-android/lib] ==> [/home/user/document/linux/ndk/toolchains/llvm/prebuilt/linux-x86_64/aarch64-linux-android/lib]
  collapse library dir [/home/user/document/linux/ndk/toolchains/llvm/prebuilt/linux-x86_64/bin/../sysroot/usr/lib] ==> [/home/user/document/linux/ndk/toolchains/llvm/prebuilt/linux-x86_64/sysroot/usr/lib]
  implicit libs: [gcc;dl;c;gcc;dl]
  implicit dirs: [/home/user/document/linux/ndk/toolchains/llvm/prebuilt/linux-x86_64/lib64/clang/9.0.8/lib/linux/aarch64;/home/user/document/linux/ndk/toolchains/llvm/prebuilt/linux-x86_64/lib/gcc/aarch64-linux-android/4.9.x;/home/user/document/linux/ndk/toolchains/llvm/prebuilt/linux-x86_64/aarch64-linux-android/lib64;/home/user/document/linux/ndk/toolchains/llvm/prebuilt/linux-x86_64/sysroot/usr/lib/aarch64-linux-android/29;/home/user/document/linux/ndk/toolchains/llvm/prebuilt/linux-x86_64/sysroot/usr/lib/aarch64-linux-android;/home/user/document/linux/ndk/toolchains/llvm/prebuilt/linux-x86_64/aarch64-linux-android/lib;/home/user/document/linux/ndk/toolchains/llvm/prebuilt/linux-x86_64/sysroot/usr/lib]
  implicit fwks: []




Detecting C [-std=c11] compiler features compiled with the following output:
Change Dir: /home/user/AndroidStudioProjects/AndroidApp/MyCNativeByKotlin/app/src/main/cpp/CMakeFiles/CMakeTmp

Run Build Command:"/usr/bin/make" "cmTC_92d78/fast"
/usr/bin/make -f CMakeFiles/cmTC_92d78.dir/build.make CMakeFiles/cmTC_92d78.dir/build
make[1]: ディレクトリ '/home/user/AndroidStudioProjects/AndroidApp/MyCNativeByKotlin/app/src/main/cpp/CMakeFiles/CMakeTmp' に入ります
Building C object CMakeFiles/cmTC_92d78.dir/feature_tests.c.o
/home/user/document/linux/ndk/toolchains/llvm/prebuilt/linux-x86_64/bin/aarch64-linux-android-gcc   -fPIE -fPIC    -std=c11 -o CMakeFiles/cmTC_92d78.dir/feature_tests.c.o   -c /home/user/AndroidStudioProjects/AndroidApp/MyCNativeByKotlin/app/src/main/cpp/CMakeFiles/feature_tests.c
Linking C executable cmTC_92d78
/usr/bin/cmake -E cmake_link_script CMakeFiles/cmTC_92d78.dir/link.txt --verbose=1
/home/user/document/linux/ndk/toolchains/llvm/prebuilt/linux-x86_64/bin/aarch64-linux-android-gcc -fPIE -fPIC   -pie  -rdynamic CMakeFiles/cmTC_92d78.dir/feature_tests.c.o  -o cmTC_92d78 
make[1]: ディレクトリ '/home/user/AndroidStudioProjects/AndroidApp/MyCNativeByKotlin/app/src/main/cpp/CMakeFiles/CMakeTmp' から出ます


    Feature record: C_FEATURE:1c_function_prototypes
    Feature record: C_FEATURE:1c_restrict
    Feature record: C_FEATURE:1c_static_assert
    Feature record: C_FEATURE:1c_variadic_macros


Detecting C [-std=c99] compiler features compiled with the following output:
Change Dir: /home/user/AndroidStudioProjects/AndroidApp/MyCNativeByKotlin/app/src/main/cpp/CMakeFiles/CMakeTmp

Run Build Command:"/usr/bin/make" "cmTC_e821b/fast"
/usr/bin/make -f CMakeFiles/cmTC_e821b.dir/build.make CMakeFiles/cmTC_e821b.dir/build
make[1]: ディレクトリ '/home/user/AndroidStudioProjects/AndroidApp/MyCNativeByKotlin/app/src/main/cpp/CMakeFiles/CMakeTmp' に入ります
Building C object CMakeFiles/cmTC_e821b.dir/feature_tests.c.o
/home/user/document/linux/ndk/toolchains/llvm/prebuilt/linux-x86_64/bin/aarch64-linux-android-gcc   -fPIE -fPIC    -std=c99 -o CMakeFiles/cmTC_e821b.dir/feature_tests.c.o   -c /home/user/AndroidStudioProjects/AndroidApp/MyCNativeByKotlin/app/src/main/cpp/CMakeFiles/feature_tests.c
Linking C executable cmTC_e821b
/usr/bin/cmake -E cmake_link_script CMakeFiles/cmTC_e821b.dir/link.txt --verbose=1
/home/user/document/linux/ndk/toolchains/llvm/prebuilt/linux-x86_64/bin/aarch64-linux-android-gcc -fPIE -fPIC   -pie  -rdynamic CMakeFiles/cmTC_e821b.dir/feature_tests.c.o  -o cmTC_e821b 
make[1]: ディレクトリ '/home/user/AndroidStudioProjects/AndroidApp/MyCNativeByKotlin/app/src/main/cpp/CMakeFiles/CMakeTmp' から出ます


    Feature record: C_FEATURE:1c_function_prototypes
    Feature record: C_FEATURE:1c_restrict
    Feature record: C_FEATURE:0c_static_assert
    Feature record: C_FEATURE:1c_variadic_macros


Detecting C [-std=c90] compiler features compiled with the following output:
Change Dir: /home/user/AndroidStudioProjects/AndroidApp/MyCNativeByKotlin/app/src/main/cpp/CMakeFiles/CMakeTmp

Run Build Command:"/usr/bin/make" "cmTC_8715d/fast"
/usr/bin/make -f CMakeFiles/cmTC_8715d.dir/build.make CMakeFiles/cmTC_8715d.dir/build
make[1]: ディレクトリ '/home/user/AndroidStudioProjects/AndroidApp/MyCNativeByKotlin/app/src/main/cpp/CMakeFiles/CMakeTmp' に入ります
Building C object CMakeFiles/cmTC_8715d.dir/feature_tests.c.o
/home/user/document/linux/ndk/toolchains/llvm/prebuilt/linux-x86_64/bin/aarch64-linux-android-gcc   -fPIE -fPIC    -std=c90 -o CMakeFiles/cmTC_8715d.dir/feature_tests.c.o   -c /home/user/AndroidStudioProjects/AndroidApp/MyCNativeByKotlin/app/src/main/cpp/CMakeFiles/feature_tests.c
Linking C executable cmTC_8715d
/usr/bin/cmake -E cmake_link_script CMakeFiles/cmTC_8715d.dir/link.txt --verbose=1
/home/user/document/linux/ndk/toolchains/llvm/prebuilt/linux-x86_64/bin/aarch64-linux-android-gcc -fPIE -fPIC   -pie  -rdynamic CMakeFiles/cmTC_8715d.dir/feature_tests.c.o  -o cmTC_8715d 
make[1]: ディレクトリ '/home/user/AndroidStudioProjects/AndroidApp/MyCNativeByKotlin/app/src/main/cpp/CMakeFiles/CMakeTmp' から出ます


    Feature record: C_FEATURE:1c_function_prototypes
    Feature record: C_FEATURE:0c_restrict
    Feature record: C_FEATURE:0c_static_assert
    Feature record: C_FEATURE:0c_variadic_macros
Determining if the CXX compiler works passed with the following output:
Change Dir: /home/user/AndroidStudioProjects/AndroidApp/MyCNativeByKotlin/app/src/main/cpp/CMakeFiles/CMakeTmp

Run Build Command:"/usr/bin/make" "cmTC_c9c4d/fast"
/usr/bin/make -f CMakeFiles/cmTC_c9c4d.dir/build.make CMakeFiles/cmTC_c9c4d.dir/build
make[1]: ディレクトリ '/home/user/AndroidStudioProjects/AndroidApp/MyCNativeByKotlin/app/src/main/cpp/CMakeFiles/CMakeTmp' に入ります
Building CXX object CMakeFiles/cmTC_c9c4d.dir/testCXXCompiler.cxx.o
/home/user/document/linux/ndk/toolchains/llvm/prebuilt/linux-x86_64/bin/aarch64-linux-android-g++     -o CMakeFiles/cmTC_c9c4d.dir/testCXXCompiler.cxx.o -c /home/user/AndroidStudioProjects/AndroidApp/MyCNativeByKotlin/app/src/main/cpp/CMakeFiles/CMakeTmp/testCXXCompiler.cxx
Linking CXX executable cmTC_c9c4d
/usr/bin/cmake -E cmake_link_script CMakeFiles/cmTC_c9c4d.dir/link.txt --verbose=1
/home/user/document/linux/ndk/toolchains/llvm/prebuilt/linux-x86_64/bin/aarch64-linux-android-g++     -pie  -rdynamic CMakeFiles/cmTC_c9c4d.dir/testCXXCompiler.cxx.o  -o cmTC_c9c4d 
make[1]: ディレクトリ '/home/user/AndroidStudioProjects/AndroidApp/MyCNativeByKotlin/app/src/main/cpp/CMakeFiles/CMakeTmp' から出ます


Detecting CXX compiler ABI info compiled with the following output:
Change Dir: /home/user/AndroidStudioProjects/AndroidApp/MyCNativeByKotlin/app/src/main/cpp/CMakeFiles/CMakeTmp

Run Build Command:"/usr/bin/make" "cmTC_31901/fast"
/usr/bin/make -f CMakeFiles/cmTC_31901.dir/build.make CMakeFiles/cmTC_31901.dir/build
make[1]: ディレクトリ '/home/user/AndroidStudioProjects/AndroidApp/MyCNativeByKotlin/app/src/main/cpp/CMakeFiles/CMakeTmp' に入ります
Building CXX object CMakeFiles/cmTC_31901.dir/CMakeCXXCompilerABI.cpp.o
/home/user/document/linux/ndk/toolchains/llvm/prebuilt/linux-x86_64/bin/aarch64-linux-android-g++     -o CMakeFiles/cmTC_31901.dir/CMakeCXXCompilerABI.cpp.o -c /usr/share/cmake-3.10/Modules/CMakeCXXCompilerABI.cpp
Linking CXX executable cmTC_31901
/usr/bin/cmake -E cmake_link_script CMakeFiles/cmTC_31901.dir/link.txt --verbose=1
/home/user/document/linux/ndk/toolchains/llvm/prebuilt/linux-x86_64/bin/aarch64-linux-android-g++     -pie -v -rdynamic CMakeFiles/cmTC_31901.dir/CMakeCXXCompilerABI.cpp.o  -o cmTC_31901 
Android (5900059 based on r365631c) clang version 9.0.8 (https://android.googlesource.com/toolchain/llvm-project 207d7abc1a2abf3ef8d4301736d6a7ebc224a290) (based on LLVM 9.0.8svn)
Target: aarch64-unknown-linux-android29
Thread model: posix
InstalledDir: /home/user/document/linux/ndk/toolchains/llvm/prebuilt/linux-x86_64/bin
Found candidate GCC installation: /home/user/document/linux/ndk/toolchains/llvm/prebuilt/linux-x86_64/bin/../lib/gcc/aarch64-linux-android/4.9.x
Selected GCC installation: /home/user/document/linux/ndk/toolchains/llvm/prebuilt/linux-x86_64/bin/../lib/gcc/aarch64-linux-android/4.9.x
Candidate multilib: .;@m64
Selected multilib: .;@m64
 "/home/user/document/linux/ndk/toolchains/llvm/prebuilt/linux-x86_64/bin/../lib/gcc/aarch64-linux-android/4.9.x/../../../../aarch64-linux-android/bin/ld" -pie -z noexecstack -export-dynamic -EL --fix-cortex-a53-843419 --warn-shared-textrel -z now -z relro -z max-page-size=4096 --hash-style=gnu --enable-new-dtags --eh-frame-hdr -m aarch64linux -export-dynamic -dynamic-linker /system/bin/linker64 -o cmTC_31901 /home/user/document/linux/ndk/toolchains/llvm/prebuilt/linux-x86_64/bin/../sysroot/usr/lib/aarch64-linux-android/29/crtbegin_dynamic.o -L/home/user/document/linux/ndk/toolchains/llvm/prebuilt/linux-x86_64/lib64/clang/9.0.8/lib/linux/aarch64 -L/home/user/document/linux/ndk/toolchains/llvm/prebuilt/linux-x86_64/bin/../lib/gcc/aarch64-linux-android/4.9.x -L/home/user/document/linux/ndk/toolchains/llvm/prebuilt/linux-x86_64/bin/../lib/gcc/aarch64-linux-android/4.9.x/../../../../aarch64-linux-android/lib/../lib64 -L/home/user/document/linux/ndk/toolchains/llvm/prebuilt/linux-x86_64/bin/../sysroot/usr/lib/aarch64-linux-android/29 -L/home/user/document/linux/ndk/toolchains/llvm/prebuilt/linux-x86_64/bin/../sysroot/usr/lib/aarch64-linux-android -L/home/user/document/linux/ndk/toolchains/llvm/prebuilt/linux-x86_64/bin/../lib/gcc/aarch64-linux-android/4.9.x/../../../../aarch64-linux-android/lib -L/home/user/document/linux/ndk/toolchains/llvm/prebuilt/linux-x86_64/bin/../sysroot/usr/lib CMakeFiles/cmTC_31901.dir/CMakeCXXCompilerABI.cpp.o -lc++ -lm -lgcc -ldl -lc -lgcc -ldl /home/user/document/linux/ndk/toolchains/llvm/prebuilt/linux-x86_64/bin/../sysroot/usr/lib/aarch64-linux-android/29/crtend_android.o
make[1]: ディレクトリ '/home/user/AndroidStudioProjects/AndroidApp/MyCNativeByKotlin/app/src/main/cpp/CMakeFiles/CMakeTmp' から出ます


Parsed CXX implicit link information from above output:
  link line regex: [^( *|.*[/\])(ld|CMAKE_LINK_STARTFILE-NOTFOUND|([^/\]+-)?ld|collect2)[^/\]*( |$)]
  ignore line: [Change Dir: /home/user/AndroidStudioProjects/AndroidApp/MyCNativeByKotlin/app/src/main/cpp/CMakeFiles/CMakeTmp]
  ignore line: []
  ignore line: [Run Build Command:"/usr/bin/make" "cmTC_31901/fast"]
  ignore line: [/usr/bin/make -f CMakeFiles/cmTC_31901.dir/build.make CMakeFiles/cmTC_31901.dir/build]
  ignore line: [make[1]: ディレクトリ '/home/user/AndroidStudioProjects/AndroidApp/MyCNativeByKotlin/app/src/main/cpp/CMakeFiles/CMakeTmp' に入ります]
  ignore line: [Building CXX object CMakeFiles/cmTC_31901.dir/CMakeCXXCompilerABI.cpp.o]
  ignore line: [/home/user/document/linux/ndk/toolchains/llvm/prebuilt/linux-x86_64/bin/aarch64-linux-android-g++     -o CMakeFiles/cmTC_31901.dir/CMakeCXXCompilerABI.cpp.o -c /usr/share/cmake-3.10/Modules/CMakeCXXCompilerABI.cpp]
  ignore line: [Linking CXX executable cmTC_31901]
  ignore line: [/usr/bin/cmake -E cmake_link_script CMakeFiles/cmTC_31901.dir/link.txt --verbose=1]
  ignore line: [/home/user/document/linux/ndk/toolchains/llvm/prebuilt/linux-x86_64/bin/aarch64-linux-android-g++     -pie -v -rdynamic CMakeFiles/cmTC_31901.dir/CMakeCXXCompilerABI.cpp.o  -o cmTC_31901 ]
  ignore line: [Android (5900059 based on r365631c) clang version 9.0.8 (https://android.googlesource.com/toolchain/llvm-project 207d7abc1a2abf3ef8d4301736d6a7ebc224a290) (based on LLVM 9.0.8svn)]
  ignore line: [Target: aarch64-unknown-linux-android29]
  ignore line: [Thread model: posix]
  ignore line: [InstalledDir: /home/user/document/linux/ndk/toolchains/llvm/prebuilt/linux-x86_64/bin]
  ignore line: [Found candidate GCC installation: /home/user/document/linux/ndk/toolchains/llvm/prebuilt/linux-x86_64/bin/../lib/gcc/aarch64-linux-android/4.9.x]
  ignore line: [Selected GCC installation: /home/user/document/linux/ndk/toolchains/llvm/prebuilt/linux-x86_64/bin/../lib/gcc/aarch64-linux-android/4.9.x]
  ignore line: [Candidate multilib: .]
  ignore line: [@m64]
  ignore line: [Selected multilib: .]
  ignore line: [@m64]
  link line: [ "/home/user/document/linux/ndk/toolchains/llvm/prebuilt/linux-x86_64/bin/../lib/gcc/aarch64-linux-android/4.9.x/../../../../aarch64-linux-android/bin/ld" -pie -z noexecstack -export-dynamic -EL --fix-cortex-a53-843419 --warn-shared-textrel -z now -z relro -z max-page-size=4096 --hash-style=gnu --enable-new-dtags --eh-frame-hdr -m aarch64linux -export-dynamic -dynamic-linker /system/bin/linker64 -o cmTC_31901 /home/user/document/linux/ndk/toolchains/llvm/prebuilt/linux-x86_64/bin/../sysroot/usr/lib/aarch64-linux-android/29/crtbegin_dynamic.o -L/home/user/document/linux/ndk/toolchains/llvm/prebuilt/linux-x86_64/lib64/clang/9.0.8/lib/linux/aarch64 -L/home/user/document/linux/ndk/toolchains/llvm/prebuilt/linux-x86_64/bin/../lib/gcc/aarch64-linux-android/4.9.x -L/home/user/document/linux/ndk/toolchains/llvm/prebuilt/linux-x86_64/bin/../lib/gcc/aarch64-linux-android/4.9.x/../../../../aarch64-linux-android/lib/../lib64 -L/home/user/document/linux/ndk/toolchains/llvm/prebuilt/linux-x86_64/bin/../sysroot/usr/lib/aarch64-linux-android/29 -L/home/user/document/linux/ndk/toolchains/llvm/prebuilt/linux-x86_64/bin/../sysroot/usr/lib/aarch64-linux-android -L/home/user/document/linux/ndk/toolchains/llvm/prebuilt/linux-x86_64/bin/../lib/gcc/aarch64-linux-android/4.9.x/../../../../aarch64-linux-android/lib -L/home/user/document/linux/ndk/toolchains/llvm/prebuilt/linux-x86_64/bin/../sysroot/usr/lib CMakeFiles/cmTC_31901.dir/CMakeCXXCompilerABI.cpp.o -lc++ -lm -lgcc -ldl -lc -lgcc -ldl /home/user/document/linux/ndk/toolchains/llvm/prebuilt/linux-x86_64/bin/../sysroot/usr/lib/aarch64-linux-android/29/crtend_android.o]
    arg [/home/user/document/linux/ndk/toolchains/llvm/prebuilt/linux-x86_64/bin/../lib/gcc/aarch64-linux-android/4.9.x/../../../../aarch64-linux-android/bin/ld] ==> ignore
    arg [-pie] ==> ignore
    arg [-znoexecstack] ==> ignore
    arg [-export-dynamic] ==> ignore
    arg [-EL] ==> ignore
    arg [--fix-cortex-a53-843419] ==> ignore
    arg [--warn-shared-textrel] ==> ignore
    arg [-znow] ==> ignore
    arg [-zrelro] ==> ignore
    arg [-zmax-page-size=4096] ==> ignore
    arg [--hash-style=gnu] ==> ignore
    arg [--enable-new-dtags] ==> ignore
    arg [--eh-frame-hdr] ==> ignore
    arg [-m] ==> ignore
    arg [aarch64linux] ==> ignore
    arg [-export-dynamic] ==> ignore
    arg [-dynamic-linker] ==> ignore
    arg [/system/bin/linker64] ==> ignore
    arg [-o] ==> ignore
    arg [cmTC_31901] ==> ignore
    arg [/home/user/document/linux/ndk/toolchains/llvm/prebuilt/linux-x86_64/bin/../sysroot/usr/lib/aarch64-linux-android/29/crtbegin_dynamic.o] ==> ignore
    arg [-L/home/user/document/linux/ndk/toolchains/llvm/prebuilt/linux-x86_64/lib64/clang/9.0.8/lib/linux/aarch64] ==> dir [/home/user/document/linux/ndk/toolchains/llvm/prebuilt/linux-x86_64/lib64/clang/9.0.8/lib/linux/aarch64]
    arg [-L/home/user/document/linux/ndk/toolchains/llvm/prebuilt/linux-x86_64/bin/../lib/gcc/aarch64-linux-android/4.9.x] ==> dir [/home/user/document/linux/ndk/toolchains/llvm/prebuilt/linux-x86_64/bin/../lib/gcc/aarch64-linux-android/4.9.x]
    arg [-L/home/user/document/linux/ndk/toolchains/llvm/prebuilt/linux-x86_64/bin/../lib/gcc/aarch64-linux-android/4.9.x/../../../../aarch64-linux-android/lib/../lib64] ==> dir [/home/user/document/linux/ndk/toolchains/llvm/prebuilt/linux-x86_64/bin/../lib/gcc/aarch64-linux-android/4.9.x/../../../../aarch64-linux-android/lib/../lib64]
    arg [-L/home/user/document/linux/ndk/toolchains/llvm/prebuilt/linux-x86_64/bin/../sysroot/usr/lib/aarch64-linux-android/29] ==> dir [/home/user/document/linux/ndk/toolchains/llvm/prebuilt/linux-x86_64/bin/../sysroot/usr/lib/aarch64-linux-android/29]
    arg [-L/home/user/document/linux/ndk/toolchains/llvm/prebuilt/linux-x86_64/bin/../sysroot/usr/lib/aarch64-linux-android] ==> dir [/home/user/document/linux/ndk/toolchains/llvm/prebuilt/linux-x86_64/bin/../sysroot/usr/lib/aarch64-linux-android]
    arg [-L/home/user/document/linux/ndk/toolchains/llvm/prebuilt/linux-x86_64/bin/../lib/gcc/aarch64-linux-android/4.9.x/../../../../aarch64-linux-android/lib] ==> dir [/home/user/document/linux/ndk/toolchains/llvm/prebuilt/linux-x86_64/bin/../lib/gcc/aarch64-linux-android/4.9.x/../../../../aarch64-linux-android/lib]
    arg [-L/home/user/document/linux/ndk/toolchains/llvm/prebuilt/linux-x86_64/bin/../sysroot/usr/lib] ==> dir [/home/user/document/linux/ndk/toolchains/llvm/prebuilt/linux-x86_64/bin/../sysroot/usr/lib]
    arg [CMakeFiles/cmTC_31901.dir/CMakeCXXCompilerABI.cpp.o] ==> ignore
    arg [-lc++] ==> lib [c++]
    arg [-lm] ==> lib [m]
    arg [-lgcc] ==> lib [gcc]
    arg [-ldl] ==> lib [dl]
    arg [-lc] ==> lib [c]
    arg [-lgcc] ==> lib [gcc]
    arg [-ldl] ==> lib [dl]
    arg [/home/user/document/linux/ndk/toolchains/llvm/prebuilt/linux-x86_64/bin/../sysroot/usr/lib/aarch64-linux-android/29/crtend_android.o] ==> ignore
  collapse library dir [/home/user/document/linux/ndk/toolchains/llvm/prebuilt/linux-x86_64/lib64/clang/9.0.8/lib/linux/aarch64] ==> [/home/user/document/linux/ndk/toolchains/llvm/prebuilt/linux-x86_64/lib64/clang/9.0.8/lib/linux/aarch64]
  collapse library dir [/home/user/document/linux/ndk/toolchains/llvm/prebuilt/linux-x86_64/bin/../lib/gcc/aarch64-linux-android/4.9.x] ==> [/home/user/document/linux/ndk/toolchains/llvm/prebuilt/linux-x86_64/lib/gcc/aarch64-linux-android/4.9.x]
  collapse library dir [/home/user/document/linux/ndk/toolchains/llvm/prebuilt/linux-x86_64/bin/../lib/gcc/aarch64-linux-android/4.9.x/../../../../aarch64-linux-android/lib/../lib64] ==> [/home/user/document/linux/ndk/toolchains/llvm/prebuilt/linux-x86_64/aarch64-linux-android/lib64]
  collapse library dir [/home/user/document/linux/ndk/toolchains/llvm/prebuilt/linux-x86_64/bin/../sysroot/usr/lib/aarch64-linux-android/29] ==> [/home/user/document/linux/ndk/toolchains/llvm/prebuilt/linux-x86_64/sysroot/usr/lib/aarch64-linux-android/29]
  collapse library dir [/home/user/document/linux/ndk/toolchains/llvm/prebuilt/linux-x86_64/bin/../sysroot/usr/lib/aarch64-linux-android] ==> [/home/user/document/linux/ndk/toolchains/llvm/prebuilt/linux-x86_64/sysroot/usr/lib/aarch64-linux-android]
  collapse library dir [/home/user/document/linux/ndk/toolchains/llvm/prebuilt/linux-x86_64/bin/../lib/gcc/aarch64-linux-android/4.9.x/../../../../aarch64-linux-android/lib] ==> [/home/user/document/linux/ndk/toolchains/llvm/prebuilt/linux-x86_64/aarch64-linux-android/lib]
  collapse library dir [/home/user/document/linux/ndk/toolchains/llvm/prebuilt/linux-x86_64/bin/../sysroot/usr/lib] ==> [/home/user/document/linux/ndk/toolchains/llvm/prebuilt/linux-x86_64/sysroot/usr/lib]
  implicit libs: [c++;m;gcc;dl;c;gcc;dl]
  implicit dirs: [/home/user/document/linux/ndk/toolchains/llvm/prebuilt/linux-x86_64/lib64/clang/9.0.8/lib/linux/aarch64;/home/user/document/linux/ndk/toolchains/llvm/prebuilt/linux-x86_64/lib/gcc/aarch64-linux-android/4.9.x;/home/user/document/linux/ndk/toolchains/llvm/prebuilt/linux-x86_64/aarch64-linux-android/lib64;/home/user/document/linux/ndk/toolchains/llvm/prebuilt/linux-x86_64/sysroot/usr/lib/aarch64-linux-android/29;/home/user/document/linux/ndk/toolchains/llvm/prebuilt/linux-x86_64/sysroot/usr/lib/aarch64-linux-android;/home/user/document/linux/ndk/toolchains/llvm/prebuilt/linux-x86_64/aarch64-linux-android/lib;/home/user/document/linux/ndk/toolchains/llvm/prebuilt/linux-x86_64/sysroot/usr/lib]
  implicit fwks: []




Detecting CXX [-std=c++1z] compiler features compiled with the following output:
Change Dir: /home/user/AndroidStudioProjects/AndroidApp/MyCNativeByKotlin/app/src/main/cpp/CMakeFiles/CMakeTmp

Run Build Command:"/usr/bin/make" "cmTC_580ec/fast"
/usr/bin/make -f CMakeFiles/cmTC_580ec.dir/build.make CMakeFiles/cmTC_580ec.dir/build
make[1]: ディレクトリ '/home/user/AndroidStudioProjects/AndroidApp/MyCNativeByKotlin/app/src/main/cpp/CMakeFiles/CMakeTmp' に入ります
Building CXX object CMakeFiles/cmTC_580ec.dir/feature_tests.cxx.o
/home/user/document/linux/ndk/toolchains/llvm/prebuilt/linux-x86_64/bin/aarch64-linux-android-g++    -std=c++1z -o CMakeFiles/cmTC_580ec.dir/feature_tests.cxx.o -c /home/user/AndroidStudioProjects/AndroidApp/MyCNativeByKotlin/app/src/main/cpp/CMakeFiles/feature_tests.cxx
Linking CXX executable cmTC_580ec
/usr/bin/cmake -E cmake_link_script CMakeFiles/cmTC_580ec.dir/link.txt --verbose=1
/home/user/document/linux/ndk/toolchains/llvm/prebuilt/linux-x86_64/bin/aarch64-linux-android-g++     -pie  -rdynamic CMakeFiles/cmTC_580ec.dir/feature_tests.cxx.o  -o cmTC_580ec 
make[1]: ディレクトリ '/home/user/AndroidStudioProjects/AndroidApp/MyCNativeByKotlin/app/src/main/cpp/CMakeFiles/CMakeTmp' から出ます


    Feature record: CXX_FEATURE:1cxx_aggregate_default_initializers
    Feature record: CXX_FEATURE:1cxx_alias_templates
    Feature record: CXX_FEATURE:1cxx_alignas
    Feature record: CXX_FEATURE:1cxx_alignof
    Feature record: CXX_FEATURE:1cxx_attributes
    Feature record: CXX_FEATURE:1cxx_attribute_deprecated
    Feature record: CXX_FEATURE:1cxx_auto_type
    Feature record: CXX_FEATURE:1cxx_binary_literals
    Feature record: CXX_FEATURE:1cxx_constexpr
    Feature record: CXX_FEATURE:1cxx_contextual_conversions
    Feature record: CXX_FEATURE:1cxx_decltype
    Feature record: CXX_FEATURE:1cxx_decltype_auto
    Feature record: CXX_FEATURE:1cxx_decltype_incomplete_return_types
    Feature record: CXX_FEATURE:1cxx_default_function_template_args
    Feature record: CXX_FEATURE:1cxx_defaulted_functions
    Feature record: CXX_FEATURE:1cxx_defaulted_move_initializers
    Feature record: CXX_FEATURE:1cxx_delegating_constructors
    Feature record: CXX_FEATURE:1cxx_deleted_functions
    Feature record: CXX_FEATURE:1cxx_digit_separators
    Feature record: CXX_FEATURE:1cxx_enum_forward_declarations
    Feature record: CXX_FEATURE:1cxx_explicit_conversions
    Feature record: CXX_FEATURE:1cxx_extended_friend_declarations
    Feature record: CXX_FEATURE:1cxx_extern_templates
    Feature record: CXX_FEATURE:1cxx_final
    Feature record: CXX_FEATURE:1cxx_func_identifier
    Feature record: CXX_FEATURE:1cxx_generalized_initializers
    Feature record: CXX_FEATURE:1cxx_generic_lambdas
    Feature record: CXX_FEATURE:1cxx_inheriting_constructors
    Feature record: CXX_FEATURE:1cxx_inline_namespaces
    Feature record: CXX_FEATURE:1cxx_lambdas
    Feature record: CXX_FEATURE:1cxx_lambda_init_captures
    Feature record: CXX_FEATURE:1cxx_local_type_template_args
    Feature record: CXX_FEATURE:1cxx_long_long_type
    Feature record: CXX_FEATURE:1cxx_noexcept
    Feature record: CXX_FEATURE:1cxx_nonstatic_member_init
    Feature record: CXX_FEATURE:1cxx_nullptr
    Feature record: CXX_FEATURE:1cxx_override
    Feature record: CXX_FEATURE:1cxx_range_for
    Feature record: CXX_FEATURE:1cxx_raw_string_literals
    Feature record: CXX_FEATURE:1cxx_reference_qualified_functions
    Feature record: CXX_FEATURE:1cxx_relaxed_constexpr
    Feature record: CXX_FEATURE:1cxx_return_type_deduction
    Feature record: CXX_FEATURE:1cxx_right_angle_brackets
    Feature record: CXX_FEATURE:1cxx_rvalue_references
    Feature record: CXX_FEATURE:1cxx_sizeof_member
    Feature record: CXX_FEATURE:1cxx_static_assert
    Feature record: CXX_FEATURE:1cxx_strong_enums
    Feature record: CXX_FEATURE:1cxx_template_template_parameters
    Feature record: CXX_FEATURE:1cxx_thread_local
    Feature record: CXX_FEATURE:1cxx_trailing_return_types
    Feature record: CXX_FEATURE:1cxx_unicode_literals
    Feature record: CXX_FEATURE:1cxx_uniform_initialization
    Feature record: CXX_FEATURE:1cxx_unrestricted_unions
    Feature record: CXX_FEATURE:1cxx_user_literals
    Feature record: CXX_FEATURE:1cxx_variable_templates
    Feature record: CXX_FEATURE:1cxx_variadic_macros
    Feature record: CXX_FEATURE:1cxx_variadic_templates


Detecting CXX [-std=c++14] compiler features compiled with the following output:
Change Dir: /home/user/AndroidStudioProjects/AndroidApp/MyCNativeByKotlin/app/src/main/cpp/CMakeFiles/CMakeTmp

Run Build Command:"/usr/bin/make" "cmTC_60439/fast"
/usr/bin/make -f CMakeFiles/cmTC_60439.dir/build.make CMakeFiles/cmTC_60439.dir/build
make[1]: ディレクトリ '/home/user/AndroidStudioProjects/AndroidApp/MyCNativeByKotlin/app/src/main/cpp/CMakeFiles/CMakeTmp' に入ります
Building CXX object CMakeFiles/cmTC_60439.dir/feature_tests.cxx.o
/home/user/document/linux/ndk/toolchains/llvm/prebuilt/linux-x86_64/bin/aarch64-linux-android-g++    -std=c++14 -o CMakeFiles/cmTC_60439.dir/feature_tests.cxx.o -c /home/user/AndroidStudioProjects/AndroidApp/MyCNativeByKotlin/app/src/main/cpp/CMakeFiles/feature_tests.cxx
Linking CXX executable cmTC_60439
/usr/bin/cmake -E cmake_link_script CMakeFiles/cmTC_60439.dir/link.txt --verbose=1
/home/user/document/linux/ndk/toolchains/llvm/prebuilt/linux-x86_64/bin/aarch64-linux-android-g++     -pie  -rdynamic CMakeFiles/cmTC_60439.dir/feature_tests.cxx.o  -o cmTC_60439 
make[1]: ディレクトリ '/home/user/AndroidStudioProjects/AndroidApp/MyCNativeByKotlin/app/src/main/cpp/CMakeFiles/CMakeTmp' から出ます


    Feature record: CXX_FEATURE:1cxx_aggregate_default_initializers
    Feature record: CXX_FEATURE:1cxx_alias_templates
    Feature record: CXX_FEATURE:1cxx_alignas
    Feature record: CXX_FEATURE:1cxx_alignof
    Feature record: CXX_FEATURE:1cxx_attributes
    Feature record: CXX_FEATURE:1cxx_attribute_deprecated
    Feature record: CXX_FEATURE:1cxx_auto_type
    Feature record: CXX_FEATURE:1cxx_binary_literals
    Feature record: CXX_FEATURE:1cxx_constexpr
    Feature record: CXX_FEATURE:1cxx_contextual_conversions
    Feature record: CXX_FEATURE:1cxx_decltype
    Feature record: CXX_FEATURE:1cxx_decltype_auto
    Feature record: CXX_FEATURE:1cxx_decltype_incomplete_return_types
    Feature record: CXX_FEATURE:1cxx_default_function_template_args
    Feature record: CXX_FEATURE:1cxx_defaulted_functions
    Feature record: CXX_FEATURE:1cxx_defaulted_move_initializers
    Feature record: CXX_FEATURE:1cxx_delegating_constructors
    Feature record: CXX_FEATURE:1cxx_deleted_functions
    Feature record: CXX_FEATURE:1cxx_digit_separators
    Feature record: CXX_FEATURE:1cxx_enum_forward_declarations
    Feature record: CXX_FEATURE:1cxx_explicit_conversions
    Feature record: CXX_FEATURE:1cxx_extended_friend_declarations
    Feature record: CXX_FEATURE:1cxx_extern_templates
    Feature record: CXX_FEATURE:1cxx_final
    Feature record: CXX_FEATURE:1cxx_func_identifier
    Feature record: CXX_FEATURE:1cxx_generalized_initializers
    Feature record: CXX_FEATURE:1cxx_generic_lambdas
    Feature record: CXX_FEATURE:1cxx_inheriting_constructors
    Feature record: CXX_FEATURE:1cxx_inline_namespaces
    Feature record: CXX_FEATURE:1cxx_lambdas
    Feature record: CXX_FEATURE:1cxx_lambda_init_captures
    Feature record: CXX_FEATURE:1cxx_local_type_template_args
    Feature record: CXX_FEATURE:1cxx_long_long_type
    Feature record: CXX_FEATURE:1cxx_noexcept
    Feature record: CXX_FEATURE:1cxx_nonstatic_member_init
    Feature record: CXX_FEATURE:1cxx_nullptr
    Feature record: CXX_FEATURE:1cxx_override
    Feature record: CXX_FEATURE:1cxx_range_for
    Feature record: CXX_FEATURE:1cxx_raw_string_literals
    Feature record: CXX_FEATURE:1cxx_reference_qualified_functions
    Feature record: CXX_FEATURE:1cxx_relaxed_constexpr
    Feature record: CXX_FEATURE:1cxx_return_type_deduction
    Feature record: CXX_FEATURE:1cxx_right_angle_brackets
    Feature record: CXX_FEATURE:1cxx_rvalue_references
    Feature record: CXX_FEATURE:1cxx_sizeof_member
    Feature record: CXX_FEATURE:1cxx_static_assert
    Feature record: CXX_FEATURE:1cxx_strong_enums
    Feature record: CXX_FEATURE:1cxx_template_template_parameters
    Feature record: CXX_FEATURE:1cxx_thread_local
    Feature record: CXX_FEATURE:1cxx_trailing_return_types
    Feature record: CXX_FEATURE:1cxx_unicode_literals
    Feature record: CXX_FEATURE:1cxx_uniform_initialization
    Feature record: CXX_FEATURE:1cxx_unrestricted_unions
    Feature record: CXX_FEATURE:1cxx_user_literals
    Feature record: CXX_FEATURE:1cxx_variable_templates
    Feature record: CXX_FEATURE:1cxx_variadic_macros
    Feature record: CXX_FEATURE:1cxx_variadic_templates


Detecting CXX [-std=c++11] compiler features compiled with the following output:
Change Dir: /home/user/AndroidStudioProjects/AndroidApp/MyCNativeByKotlin/app/src/main/cpp/CMakeFiles/CMakeTmp

Run Build Command:"/usr/bin/make" "cmTC_3c312/fast"
/usr/bin/make -f CMakeFiles/cmTC_3c312.dir/build.make CMakeFiles/cmTC_3c312.dir/build
make[1]: ディレクトリ '/home/user/AndroidStudioProjects/AndroidApp/MyCNativeByKotlin/app/src/main/cpp/CMakeFiles/CMakeTmp' に入ります
Building CXX object CMakeFiles/cmTC_3c312.dir/feature_tests.cxx.o
/home/user/document/linux/ndk/toolchains/llvm/prebuilt/linux-x86_64/bin/aarch64-linux-android-g++    -std=c++11 -o CMakeFiles/cmTC_3c312.dir/feature_tests.cxx.o -c /home/user/AndroidStudioProjects/AndroidApp/MyCNativeByKotlin/app/src/main/cpp/CMakeFiles/feature_tests.cxx
Linking CXX executable cmTC_3c312
/usr/bin/cmake -E cmake_link_script CMakeFiles/cmTC_3c312.dir/link.txt --verbose=1
/home/user/document/linux/ndk/toolchains/llvm/prebuilt/linux-x86_64/bin/aarch64-linux-android-g++     -pie  -rdynamic CMakeFiles/cmTC_3c312.dir/feature_tests.cxx.o  -o cmTC_3c312 
make[1]: ディレクトリ '/home/user/AndroidStudioProjects/AndroidApp/MyCNativeByKotlin/app/src/main/cpp/CMakeFiles/CMakeTmp' から出ます


    Feature record: CXX_FEATURE:0cxx_aggregate_default_initializers
    Feature record: CXX_FEATURE:1cxx_alias_templates
    Feature record: CXX_FEATURE:1cxx_alignas
    Feature record: CXX_FEATURE:1cxx_alignof
    Feature record: CXX_FEATURE:1cxx_attributes
    Feature record: CXX_FEATURE:0cxx_attribute_deprecated
    Feature record: CXX_FEATURE:1cxx_auto_type
    Feature record: CXX_FEATURE:0cxx_binary_literals
    Feature record: CXX_FEATURE:1cxx_constexpr
    Feature record: CXX_FEATURE:0cxx_contextual_conversions
    Feature record: CXX_FEATURE:1cxx_decltype
    Feature record: CXX_FEATURE:0cxx_decltype_auto
    Feature record: CXX_FEATURE:1cxx_decltype_incomplete_return_types
    Feature record: CXX_FEATURE:1cxx_default_function_template_args
    Feature record: CXX_FEATURE:1cxx_defaulted_functions
    Feature record: CXX_FEATURE:1cxx_defaulted_move_initializers
    Feature record: CXX_FEATURE:1cxx_delegating_constructors
    Feature record: CXX_FEATURE:1cxx_deleted_functions
    Feature record: CXX_FEATURE:0cxx_digit_separators
    Feature record: CXX_FEATURE:1cxx_enum_forward_declarations
    Feature record: CXX_FEATURE:1cxx_explicit_conversions
    Feature record: CXX_FEATURE:1cxx_extended_friend_declarations
    Feature record: CXX_FEATURE:1cxx_extern_templates
    Feature record: CXX_FEATURE:1cxx_final
    Feature record: CXX_FEATURE:1cxx_func_identifier
    Feature record: CXX_FEATURE:1cxx_generalized_initializers
    Feature record: CXX_FEATURE:0cxx_generic_lambdas
    Feature record: CXX_FEATURE:1cxx_inheriting_constructors
    Feature record: CXX_FEATURE:1cxx_inline_namespaces
    Feature record: CXX_FEATURE:1cxx_lambdas
    Feature record: CXX_FEATURE:0cxx_lambda_init_captures
    Feature record: CXX_FEATURE:1cxx_local_type_template_args
    Feature record: CXX_FEATURE:1cxx_long_long_type
    Feature record: CXX_FEATURE:1cxx_noexcept
    Feature record: CXX_FEATURE:1cxx_nonstatic_member_init
    Feature record: CXX_FEATURE:1cxx_nullptr
    Feature record: CXX_FEATURE:1cxx_override
    Feature record: CXX_FEATURE:1cxx_range_for
    Feature record: CXX_FEATURE:1cxx_raw_string_literals
    Feature record: CXX_FEATURE:1cxx_reference_qualified_functions
    Feature record: CXX_FEATURE:0cxx_relaxed_constexpr
    Feature record: CXX_FEATURE:0cxx_return_type_deduction
    Feature record: CXX_FEATURE:1cxx_right_angle_brackets
    Feature record: CXX_FEATURE:1cxx_rvalue_references
    Feature record: CXX_FEATURE:1cxx_sizeof_member
    Feature record: CXX_FEATURE:1cxx_static_assert
    Feature record: CXX_FEATURE:1cxx_strong_enums
    Feature record: CXX_FEATURE:1cxx_template_template_parameters
    Feature record: CXX_FEATURE:1cxx_thread_local
    Feature record: CXX_FEATURE:1cxx_trailing_return_types
    Feature record: CXX_FEATURE:1cxx_unicode_literals
    Feature record: CXX_FEATURE:1cxx_uniform_initialization
    Feature record: CXX_FEATURE:1cxx_unrestricted_unions
    Feature record: CXX_FEATURE:1cxx_user_literals
    Feature record: CXX_FEATURE:0cxx_variable_templates
    Feature record: CXX_FEATURE:1cxx_variadic_macros
    Feature record: CXX_FEATURE:1cxx_variadic_templates


Detecting CXX [-std=c++98] compiler features compiled with the following output:
Change Dir: /home/user/AndroidStudioProjects/AndroidApp/MyCNativeByKotlin/app/src/main/cpp/CMakeFiles/CMakeTmp

Run Build Command:"/usr/bin/make" "cmTC_58096/fast"
/usr/bin/make -f CMakeFiles/cmTC_58096.dir/build.make CMakeFiles/cmTC_58096.dir/build
make[1]: ディレクトリ '/home/user/AndroidStudioProjects/AndroidApp/MyCNativeByKotlin/app/src/main/cpp/CMakeFiles/CMakeTmp' に入ります
Building CXX object CMakeFiles/cmTC_58096.dir/feature_tests.cxx.o
/home/user/document/linux/ndk/toolchains/llvm/prebuilt/linux-x86_64/bin/aarch64-linux-android-g++    -std=c++98 -o CMakeFiles/cmTC_58096.dir/feature_tests.cxx.o -c /home/user/AndroidStudioProjects/AndroidApp/MyCNativeByKotlin/app/src/main/cpp/CMakeFiles/feature_tests.cxx
Linking CXX executable cmTC_58096
/usr/bin/cmake -E cmake_link_script CMakeFiles/cmTC_58096.dir/link.txt --verbose=1
/home/user/document/linux/ndk/toolchains/llvm/prebuilt/linux-x86_64/bin/aarch64-linux-android-g++     -pie  -rdynamic CMakeFiles/cmTC_58096.dir/feature_tests.cxx.o  -o cmTC_58096 
make[1]: ディレクトリ '/home/user/AndroidStudioProjects/AndroidApp/MyCNativeByKotlin/app/src/main/cpp/CMakeFiles/CMakeTmp' から出ます


    Feature record: CXX_FEATURE:0cxx_aggregate_default_initializers
    Feature record: CXX_FEATURE:0cxx_alias_templates
    Feature record: CXX_FEATURE:0cxx_alignas
    Feature record: CXX_FEATURE:0cxx_alignof
    Feature record: CXX_FEATURE:0cxx_attributes
    Feature record: CXX_FEATURE:0cxx_attribute_deprecated
    Feature record: CXX_FEATURE:0cxx_auto_type
    Feature record: CXX_FEATURE:0cxx_binary_literals
    Feature record: CXX_FEATURE:0cxx_constexpr
    Feature record: CXX_FEATURE:0cxx_contextual_conversions
    Feature record: CXX_FEATURE:0cxx_decltype
    Feature record: CXX_FEATURE:0cxx_decltype_auto
    Feature record: CXX_FEATURE:0cxx_decltype_incomplete_return_types
    Feature record: CXX_FEATURE:0cxx_default_function_template_args
    Feature record: CXX_FEATURE:0cxx_defaulted_functions
    Feature record: CXX_FEATURE:0cxx_defaulted_move_initializers
    Feature record: CXX_FEATURE:0cxx_delegating_constructors
    Feature record: CXX_FEATURE:0cxx_deleted_functions
    Feature record: CXX_FEATURE:0cxx_digit_separators
    Feature record: CXX_FEATURE:0cxx_enum_forward_declarations
    Feature record: CXX_FEATURE:0cxx_explicit_conversions
    Feature record: CXX_FEATURE:0cxx_extended_friend_declarations
    Feature record: CXX_FEATURE:0cxx_extern_templates
    Feature record: CXX_FEATURE:0cxx_final
    Feature record: CXX_FEATURE:0cxx_func_identifier
    Feature record: CXX_FEATURE:0cxx_generalized_initializers
    Feature record: CXX_FEATURE:0cxx_generic_lambdas
    Feature record: CXX_FEATURE:0cxx_inheriting_constructors
    Feature record: CXX_FEATURE:0cxx_inline_namespaces
    Feature record: CXX_FEATURE:0cxx_lambdas
    Feature record: CXX_FEATURE:0cxx_lambda_init_captures
    Feature record: CXX_FEATURE:0cxx_local_type_template_args
    Feature record: CXX_FEATURE:0cxx_long_long_type
    Feature record: CXX_FEATURE:0cxx_noexcept
    Feature record: CXX_FEATURE:0cxx_nonstatic_member_init
    Feature record: CXX_FEATURE:0cxx_nullptr
    Feature record: CXX_FEATURE:0cxx_override
    Feature record: CXX_FEATURE:0cxx_range_for
    Feature record: CXX_FEATURE:0cxx_raw_string_literals
    Feature record: CXX_FEATURE:0cxx_reference_qualified_functions
    Feature record: CXX_FEATURE:0cxx_relaxed_constexpr
    Feature record: CXX_FEATURE:0cxx_return_type_deduction
    Feature record: CXX_FEATURE:0cxx_right_angle_brackets
    Feature record: CXX_FEATURE:0cxx_rvalue_references
    Feature record: CXX_FEATURE:0cxx_sizeof_member
    Feature record: CXX_FEATURE:0cxx_static_assert
    Feature record: CXX_FEATURE:0cxx_strong_enums
    Feature record: CXX_FEATURE:1cxx_template_template_parameters
    Feature record: CXX_FEATURE:0cxx_thread_local
    Feature record: CXX_FEATURE:0cxx_trailing_return_types
    Feature record: CXX_FEATURE:0cxx_unicode_literals
    Feature record: CXX_FEATURE:0cxx_uniform_initialization
    Feature record: CXX_FEATURE:0cxx_unrestricted_unions
    Feature record: CXX_FEATURE:0cxx_user_literals
    Feature record: CXX_FEATURE:0cxx_variable_templates
    Feature record: CXX_FEATURE:0cxx_variadic_macros
    Feature record: CXX_FEATURE:0cxx_variadic_templates
